<?xml version="1.0" encoding="UTF-8"?>
<!-- Generated by org.testng.reporters.JUnitXMLReporter -->
<testsuite hostname="dsk-dipak" ignored="0" name="Debugging_Purpose" tests="1" failures="1" timestamp="28 Jan 2020 06:03:58 GMT" time="47.399" errors="0">
  <testcase name="VerifyRC_Charges" time="36.237" classname="com.unify.testPages.BillingPageTest">
    <failure type="java.lang.AssertionError" message="The following asserts failed:
	Not able to add RC  expected [true] but found [false]">
      <![CDATA[java.lang.AssertionError: The following asserts failed:
Not able to add RC  expected [true] but found [false]
at com.unify.testPages.BillingPageTest.VerifyRC_Charges(BillingPageTest.java:94)
... Removed 26 stack frames]]>
    </failure>
  </testcase> <!-- VerifyRC_Charges -->
</testsuite> <!-- Debugging_Purpose -->
