<html>
<head>
<title>TestNG:  TestFirefox</title>
<link href="../testng.css" rel="stylesheet" type="text/css" />
<link href="../my-testng.css" rel="stylesheet" type="text/css" />

<style type="text/css">
.log { display: none;} 
.stack-trace { display: none;} 
</style>
<script type="text/javascript">
<!--
function flip(e) {
  current = e.style.display;
  if (current == 'block') {
    e.style.display = 'none';
    return 0;
  }
  else {
    e.style.display = 'block';
    return 1;
  }
}

function toggleBox(szDivId, elem, msg1, msg2)
{
  var res = -1;  if (document.getElementById) {
    res = flip(document.getElementById(szDivId));
  }
  else if (document.all) {
    // this is the way old msie versions work
    res = flip(document.all[szDivId]);
  }
  if(elem) {
    if(res == 0) elem.innerHTML = msg1; else elem.innerHTML = msg2;
  }

}

function toggleAllBoxes() {
  if (document.getElementsByTagName) {
    d = document.getElementsByTagName('div');
    for (i = 0; i < d.length; i++) {
      if (d[i].className == 'log') {
        flip(d[i]);
      }
    }
  }
}

// -->
</script>

</head>
<body>
<h2 align='center'>TestFirefox</h2><table border='1' align="center">
<tr>
<td>Tests passed/Failed/Skipped:</td><td>12/3/0</td>
</tr><tr>
<td>Started on:</td><td>Tue Dec 31 11:44:07 IST 2019</td>
</tr>
<tr><td>Total time:</td><td>474 seconds (474463 ms)</td>
</tr><tr>
<td>Included groups:</td><td></td>
</tr><tr>
<td>Excluded groups:</td><td></td>
</tr>
</table><p/>
<small><i>(Hover the method name to see the test class name)</i></small><p/>
<table width='100%' border='1' class='invocation-failed'>
<tr><td colspan='4' align='center'><b>FAILED TESTS</b></td></tr>
<tr><td><b>Test method</b></td>
<td width="30%"><b>Exception</b></td>
<td width="10%"><b>Time (seconds)</b></td>
<td><b>Instance</b></td>
</tr>
<tr>
<td title='com.unify.testPages.DomainManagerTest.VerifyParentDomainText()'><b>VerifyParentDomainText</b><br>Test class: com.unify.testPages.DomainManagerTest</td>
<td><div><pre>java.lang.AssertionError: The following asserts failed:
	Parent domain link is not working expected [true] but found [false],
	expected [admin] but found [],
	expected [SSG Admin] but found [],
	Add Row link is not clickable under Contact details expected [true] but found [false]
	at com.unify.testPages.DomainManagerTest.VerifyParentDomainText(DomainManagerTest.java:174)
... Removed 26 stack frames</pre></div><a href='#' onClick='toggleBox("stack-trace164052991", this, "Click to show all stack frames", "Click to hide stack frames")'>Click to show all stack frames</a>
<div class='stack-trace' id='stack-trace164052991'><pre>java.lang.AssertionError: The following asserts failed:
	Parent domain link is not working expected [true] but found [false],
	expected [admin] but found [],
	expected [SSG Admin] but found [],
	Add Row link is not clickable under Contact details expected [true] but found [false]
	at org.testng.asserts.SoftAssert.assertAll(SoftAssert.java:43)
	at com.unify.testPages.DomainManagerTest.VerifyParentDomainText(DomainManagerTest.java:174)
	at sun.reflect.NativeMethodAccessorImpl.invoke0(Native Method)
	at sun.reflect.NativeMethodAccessorImpl.invoke(NativeMethodAccessorImpl.java:62)
	at sun.reflect.DelegatingMethodAccessorImpl.invoke(DelegatingMethodAccessorImpl.java:43)
	at java.lang.reflect.Method.invoke(Method.java:498)
	at org.testng.internal.MethodInvocationHelper.invokeMethod(MethodInvocationHelper.java:124)
	at org.testng.internal.Invoker.invokeMethod(Invoker.java:583)
	at org.testng.internal.Invoker.invokeTestMethod(Invoker.java:719)
	at org.testng.internal.Invoker.invokeTestMethods(Invoker.java:989)
	at org.testng.internal.TestMethodWorker.invokeTestMethods(TestMethodWorker.java:125)
	at org.testng.internal.TestMethodWorker.run(TestMethodWorker.java:109)
	at org.testng.TestRunner.privateRun(TestRunner.java:648)
	at org.testng.TestRunner.run(TestRunner.java:505)
	at org.testng.SuiteRunner.runTest(SuiteRunner.java:455)
	at org.testng.SuiteRunner.runSequentially(SuiteRunner.java:450)
	at org.testng.SuiteRunner.privateRun(SuiteRunner.java:415)
	at org.testng.SuiteRunner.run(SuiteRunner.java:364)
	at org.testng.SuiteRunnerWorker.runSuite(SuiteRunnerWorker.java:52)
	at org.testng.SuiteRunnerWorker.run(SuiteRunnerWorker.java:84)
	at org.testng.TestNG.runSuitesSequentially(TestNG.java:1208)
	at org.testng.TestNG.runSuitesLocally(TestNG.java:1137)
	at org.testng.TestNG.runSuites(TestNG.java:1049)
	at org.testng.TestNG.run(TestNG.java:1017)
	at org.testng.remote.AbstractRemoteTestNG.run(AbstractRemoteTestNG.java:114)
	at org.testng.remote.RemoteTestNG.initAndRun(RemoteTestNG.java:251)
	at org.testng.remote.RemoteTestNG.main(RemoteTestNG.java:77)
</pre></div></td>
<td>69</td>
<td>com.unify.testPages.DomainManagerTest@627551fb</td></tr>
<tr>
<td title='com.unify.testPages.CreateOrganisationTest.veriyAddOrganisation()'><b>veriyAddOrganisation</b><br>Test class: com.unify.testPages.CreateOrganisationTest</td>
<td><div><pre>java.lang.AssertionError: The following asserts failed:
	Not able to search and add organisation name expected [true] but found [false],
	Final Finish button is not working expected [true] but found [false],
	Search organisation field not working properly expected [true] but found [false]
	at com.unify.testPages.CreateOrganisationTest.veriyAddOrganisation(CreateOrganisationTest.java:355)
... Removed 26 stack frames</pre></div><a href='#' onClick='toggleBox("stack-trace925908754", this, "Click to show all stack frames", "Click to hide stack frames")'>Click to show all stack frames</a>
<div class='stack-trace' id='stack-trace925908754'><pre>java.lang.AssertionError: The following asserts failed:
	Not able to search and add organisation name expected [true] but found [false],
	Final Finish button is not working expected [true] but found [false],
	Search organisation field not working properly expected [true] but found [false]
	at org.testng.asserts.SoftAssert.assertAll(SoftAssert.java:43)
	at com.unify.testPages.CreateOrganisationTest.veriyAddOrganisation(CreateOrganisationTest.java:355)
	at sun.reflect.NativeMethodAccessorImpl.invoke0(Native Method)
	at sun.reflect.NativeMethodAccessorImpl.invoke(NativeMethodAccessorImpl.java:62)
	at sun.reflect.DelegatingMethodAccessorImpl.invoke(DelegatingMethodAccessorImpl.java:43)
	at java.lang.reflect.Method.invoke(Method.java:498)
	at org.testng.internal.MethodInvocationHelper.invokeMethod(MethodInvocationHelper.java:124)
	at org.testng.internal.Invoker.invokeMethod(Invoker.java:583)
	at org.testng.internal.Invoker.invokeTestMethod(Invoker.java:719)
	at org.testng.internal.Invoker.invokeTestMethods(Invoker.java:989)
	at org.testng.internal.TestMethodWorker.invokeTestMethods(TestMethodWorker.java:125)
	at org.testng.internal.TestMethodWorker.run(TestMethodWorker.java:109)
	at org.testng.TestRunner.privateRun(TestRunner.java:648)
	at org.testng.TestRunner.run(TestRunner.java:505)
	at org.testng.SuiteRunner.runTest(SuiteRunner.java:455)
	at org.testng.SuiteRunner.runSequentially(SuiteRunner.java:450)
	at org.testng.SuiteRunner.privateRun(SuiteRunner.java:415)
	at org.testng.SuiteRunner.run(SuiteRunner.java:364)
	at org.testng.SuiteRunnerWorker.runSuite(SuiteRunnerWorker.java:52)
	at org.testng.SuiteRunnerWorker.run(SuiteRunnerWorker.java:84)
	at org.testng.TestNG.runSuitesSequentially(TestNG.java:1208)
	at org.testng.TestNG.runSuitesLocally(TestNG.java:1137)
	at org.testng.TestNG.runSuites(TestNG.java:1049)
	at org.testng.TestNG.run(TestNG.java:1017)
	at org.testng.remote.AbstractRemoteTestNG.run(AbstractRemoteTestNG.java:114)
	at org.testng.remote.RemoteTestNG.initAndRun(RemoteTestNG.java:251)
	at org.testng.remote.RemoteTestNG.main(RemoteTestNG.java:77)
</pre></div></td>
<td>83</td>
<td>com.unify.testPages.CreateOrganisationTest@43814d18</td></tr>
<tr>
<td title='com.unify.testPages.ServicePlanTest.veriyAddServicePlan()'><b>veriyAddServicePlan</b><br>Test class: com.unify.testPages.ServicePlanTest</td>
<td><div><pre>java.lang.AssertionError: The following asserts failed:
	Not able to select serched service plan expected [true] but found [false],
	Not able to click on delete_yes on serched service plan expected [true] but found [false]
	at com.unify.testPages.ServicePlanTest.veriyAddServicePlan(ServicePlanTest.java:118)
... Removed 26 stack frames</pre></div><a href='#' onClick='toggleBox("stack-trace163160871", this, "Click to show all stack frames", "Click to hide stack frames")'>Click to show all stack frames</a>
<div class='stack-trace' id='stack-trace163160871'><pre>java.lang.AssertionError: The following asserts failed:
	Not able to select serched service plan expected [true] but found [false],
	Not able to click on delete_yes on serched service plan expected [true] but found [false]
	at org.testng.asserts.SoftAssert.assertAll(SoftAssert.java:43)
	at com.unify.testPages.ServicePlanTest.veriyAddServicePlan(ServicePlanTest.java:118)
	at sun.reflect.NativeMethodAccessorImpl.invoke0(Native Method)
	at sun.reflect.NativeMethodAccessorImpl.invoke(NativeMethodAccessorImpl.java:62)
	at sun.reflect.DelegatingMethodAccessorImpl.invoke(DelegatingMethodAccessorImpl.java:43)
	at java.lang.reflect.Method.invoke(Method.java:498)
	at org.testng.internal.MethodInvocationHelper.invokeMethod(MethodInvocationHelper.java:124)
	at org.testng.internal.Invoker.invokeMethod(Invoker.java:583)
	at org.testng.internal.Invoker.invokeTestMethod(Invoker.java:719)
	at org.testng.internal.Invoker.invokeTestMethods(Invoker.java:989)
	at org.testng.internal.TestMethodWorker.invokeTestMethods(TestMethodWorker.java:125)
	at org.testng.internal.TestMethodWorker.run(TestMethodWorker.java:109)
	at org.testng.TestRunner.privateRun(TestRunner.java:648)
	at org.testng.TestRunner.run(TestRunner.java:505)
	at org.testng.SuiteRunner.runTest(SuiteRunner.java:455)
	at org.testng.SuiteRunner.runSequentially(SuiteRunner.java:450)
	at org.testng.SuiteRunner.privateRun(SuiteRunner.java:415)
	at org.testng.SuiteRunner.run(SuiteRunner.java:364)
	at org.testng.SuiteRunnerWorker.runSuite(SuiteRunnerWorker.java:52)
	at org.testng.SuiteRunnerWorker.run(SuiteRunnerWorker.java:84)
	at org.testng.TestNG.runSuitesSequentially(TestNG.java:1208)
	at org.testng.TestNG.runSuitesLocally(TestNG.java:1137)
	at org.testng.TestNG.runSuites(TestNG.java:1049)
	at org.testng.TestNG.run(TestNG.java:1017)
	at org.testng.remote.AbstractRemoteTestNG.run(AbstractRemoteTestNG.java:114)
	at org.testng.remote.RemoteTestNG.initAndRun(RemoteTestNG.java:251)
	at org.testng.remote.RemoteTestNG.main(RemoteTestNG.java:77)
</pre></div></td>
<td>31</td>
<td>com.unify.testPages.ServicePlanTest@3701eaf6</td></tr>
</table><p>
<table width='100%' border='1' class='invocation-passed'>
<tr><td colspan='4' align='center'><b>PASSED TESTS</b></td></tr>
<tr><td><b>Test method</b></td>
<td width="30%"><b>Exception</b></td>
<td width="10%"><b>Time (seconds)</b></td>
<td><b>Instance</b></td>
</tr>
<tr>
<td title='com.unify.testPages.DashboardPageTest.VerifyAllLinks()'><b>VerifyAllLinks</b><br>Test class: com.unify.testPages.DashboardPageTest</td>
<td></td>
<td>0</td>
<td>com.unify.testPages.DashboardPageTest@610694f1</td></tr>
<tr>
<td title='com.unify.testPages.SettingsPageTest.VerifyChartOfAccount()'><b>VerifyChartOfAccount</b><br>Test class: com.unify.testPages.SettingsPageTest</td>
<td></td>
<td>9</td>
<td>com.unify.testPages.SettingsPageTest@2b552920</td></tr>
<tr>
<td title='com.unify.testPages.DashboardPageTest.VerifyLogoOnDashboard()'><b>VerifyLogoOnDashboard</b><br>Test class: com.unify.testPages.DashboardPageTest</td>
<td></td>
<td>0</td>
<td>com.unify.testPages.DashboardPageTest@610694f1</td></tr>
<tr>
<td title='com.unify.testPages.DomainManagerTest.VerifyNextraDomain()'><b>VerifyNextraDomain</b><br>Test class: com.unify.testPages.DomainManagerTest</td>
<td></td>
<td>9</td>
<td>com.unify.testPages.DomainManagerTest@627551fb</td></tr>
<tr>
<td title='com.unify.testPages.DashboardPageTest.VerifyWelcomeLinks()'><b>VerifyWelcomeLinks</b><br>Test class: com.unify.testPages.DashboardPageTest</td>
<td></td>
<td>0</td>
<td>com.unify.testPages.DashboardPageTest@610694f1</td></tr>
<tr>
<td title='com.unify.testPages.DomainManagerTest.VerifyWelcomeLinks()'><b>VerifyWelcomeLinks</b><br>Test class: com.unify.testPages.DomainManagerTest</td>
<td></td>
<td>4</td>
<td>com.unify.testPages.DomainManagerTest@627551fb</td></tr>
<tr>
<td title='com.unify.testPages.LoginPageTest.verifyLogOut()'><b>verifyLogOut</b><br>Test class: com.unify.testPages.LoginPageTest</td>
<td></td>
<td>12</td>
<td>com.unify.testPages.LoginPageTest@5ae63ade</td></tr>
<tr>
<td title='com.unify.testPages.LoginPageTest.verifyLogin()'><b>verifyLogin</b><br>Test class: com.unify.testPages.LoginPageTest</td>
<td></td>
<td>2</td>
<td>com.unify.testPages.LoginPageTest@5ae63ade</td></tr>
<tr>
<td title='com.unify.testPages.LoginPageTest.verifyTextOnLoginPage()'><b>verifyTextOnLoginPage</b><br>Test class: com.unify.testPages.LoginPageTest</td>
<td></td>
<td>6</td>
<td>com.unify.testPages.LoginPageTest@5ae63ade</td></tr>
<tr>
<td title='com.unify.testPages.LoginPageTest.verifyiNVALIDLogin()'><b>verifyiNVALIDLogin</b><br>Test class: com.unify.testPages.LoginPageTest</td>
<td></td>
<td>44</td>
<td>com.unify.testPages.LoginPageTest@5ae63ade</td></tr>
<tr>
<td title='com.unify.testPages.DomainManagerTest.veriyDomainManager()'><b>veriyDomainManager</b><br>Test class: com.unify.testPages.DomainManagerTest</td>
<td></td>
<td>10</td>
<td>com.unify.testPages.DomainManagerTest@627551fb</td></tr>
<tr>
<td title='com.unify.testPages.CalculateTimeTest.veriySearchTime()'><b>veriySearchTime</b><br>Test class: com.unify.testPages.CalculateTimeTest</td>
<td></td>
<td>34</td>
<td>com.unify.testPages.CalculateTimeTest@5c5a1b69</td></tr>
</table><p>
</body>
</html>