<?xml version="1.0" encoding="UTF-8"?>
<!-- Generated by org.testng.reporters.JUnitXMLReporter -->
<testsuite hostname="dsk-dipak" ignored="0" name="TestChrome" tests="15" failures="4" timestamp="28 Jan 2020 07:33:19 GMT" time="407.037" errors="0">
  <testcase name="verifyLogOut" time="8.522" classname="com.unify.testPages.LoginPageTest"/>
  <testcase name="verifyLogin" time="2.598" classname="com.unify.testPages.LoginPageTest"/>
  <testcase name="verifyTextOnLoginPage" time="6.323" classname="com.unify.testPages.LoginPageTest"/>
  <testcase name="verifyiNVALIDLogin" time="43.197" classname="com.unify.testPages.LoginPageTest"/>
  <testcase name="VerifyAllLinks" time="0.233" classname="com.unify.testPages.DashboardPageTest"/>
  <testcase name="VerifyLogoOnDashboard" time="0.122" classname="com.unify.testPages.DashboardPageTest"/>
  <testcase name="VerifyWelcomeLinks" time="0.18" classname="com.unify.testPages.DashboardPageTest"/>
  <testcase name="veriyAddOrganisation" time="84.345" classname="com.unify.testPages.CreateOrganisationTest">
    <failure type="java.lang.AssertionError" message="The following asserts failed:
	Not able to search and add organisation name expected [true] but found [false],
	Final Finish button is not working expected [true] but found [false],
	Search organisation field not working properly expected [true] but found [false]">
      <![CDATA[java.lang.AssertionError: The following asserts failed:
Not able to search and add organisation name expected [true] but found [false],
Final Finish button is not working expected [true] but found [false],
Search organisation field not working properly expected [true] but found [false]
at com.unify.testPages.CreateOrganisationTest.veriyAddOrganisation(CreateOrganisationTest.java:355)
... Removed 26 stack frames]]>
    </failure>
  </testcase> <!-- veriyAddOrganisation -->
  <testcase name="veriyAddServicePlan" time="29.173" classname="com.unify.testPages.ServicePlanTest">
    <failure type="java.lang.AssertionError" message="The following asserts failed:
	Save and Search service plan field not working properly expected [true] but found [false]">
      <![CDATA[java.lang.AssertionError: The following asserts failed:
Save and Search service plan field not working properly expected [true] but found [false]
at com.unify.testPages.ServicePlanTest.veriyAddServicePlan(ServicePlanTest.java:118)
... Removed 26 stack frames]]>
    </failure>
  </testcase> <!-- veriyAddServicePlan -->
  <testcase name="veriySearchTime" time="34.405" classname="com.unify.testPages.CalculateTimeTest"/>
  <testcase name="VerifyNextraDomain" time="7.941" classname="com.unify.testPages.DomainManagerTest"/>
  <testcase name="VerifyParentDomainText" time="68.762" classname="com.unify.testPages.DomainManagerTest">
    <failure type="java.lang.AssertionError" message="The following asserts failed:
	Parent domain link is not working expected [true] but found [false],
	expected [admin] but found [],
	expected [SSG Admin] but found [],
	Add Row link is not clickable under Contact details expected [true] but found [false]">
      <![CDATA[java.lang.AssertionError: The following asserts failed:
Parent domain link is not working expected [true] but found [false],
expected [admin] but found [],
expected [SSG Admin] but found [],
Add Row link is not clickable under Contact details expected [true] but found [false]
at com.unify.testPages.DomainManagerTest.VerifyParentDomainText(DomainManagerTest.java:174)
... Removed 26 stack frames]]>
    </failure>
  </testcase> <!-- VerifyParentDomainText -->
  <testcase name="VerifyWelcomeLinks" time="3.327" classname="com.unify.testPages.DomainManagerTest"/>
  <testcase name="veriyDomainManager" time="10.851" classname="com.unify.testPages.DomainManagerTest"/>
  <testcase name="VerifyChartOfAccount" time="38.739" classname="com.unify.testPages.SettingsPageTest">
    <failure type="java.lang.AssertionError" message="The following asserts failed:
	Cancel button not working on COA field expected [true] but found [false]">
      <![CDATA[java.lang.AssertionError: The following asserts failed:
Cancel button not working on COA field expected [true] but found [false]
at com.unify.testPages.SettingsPageTest.VerifyChartOfAccount(SettingsPageTest.java:103)
... Removed 26 stack frames]]>
    </failure>
  </testcase> <!-- VerifyChartOfAccount -->
</testsuite> <!-- TestChrome -->
