<?xml version="1.0" encoding="UTF-8"?>
<!-- Generated by org.testng.reporters.JUnitXMLReporter -->
<testsuite hostname="dsk-dipak" ignored="0" name="TestFirefox" tests="15" failures="3" timestamp="31 Dec 2019 06:22:01 GMT" time="474.463" errors="0">
  <testcase name="verifyLogOut" time="12.472" classname="com.unify.testPages.LoginPageTest"/>
  <testcase name="verifyLogin" time="2.259" classname="com.unify.testPages.LoginPageTest"/>
  <testcase name="verifyTextOnLoginPage" time="6.591" classname="com.unify.testPages.LoginPageTest"/>
  <testcase name="verifyiNVALIDLogin" time="44.985" classname="com.unify.testPages.LoginPageTest"/>
  <testcase name="VerifyAllLinks" time="0.391" classname="com.unify.testPages.DashboardPageTest"/>
  <testcase name="VerifyLogoOnDashboard" time="0.136" classname="com.unify.testPages.DashboardPageTest"/>
  <testcase name="VerifyWelcomeLinks" time="0.315" classname="com.unify.testPages.DashboardPageTest"/>
  <testcase name="veriyAddOrganisation" time="83.083" classname="com.unify.testPages.CreateOrganisationTest">
    <failure type="java.lang.AssertionError" message="The following asserts failed:
	Not able to search and add organisation name expected [true] but found [false],
	Final Finish button is not working expected [true] but found [false],
	Search organisation field not working properly expected [true] but found [false]">
      <![CDATA[java.lang.AssertionError: The following asserts failed:
Not able to search and add organisation name expected [true] but found [false],
Final Finish button is not working expected [true] but found [false],
Search organisation field not working properly expected [true] but found [false]
at com.unify.testPages.CreateOrganisationTest.veriyAddOrganisation(CreateOrganisationTest.java:355)
... Removed 26 stack frames]]>
    </failure>
  </testcase> <!-- veriyAddOrganisation -->
  <testcase name="veriySearchTime" time="34.641" classname="com.unify.testPages.CalculateTimeTest"/>
  <testcase name="veriyAddServicePlan" time="31.068" classname="com.unify.testPages.ServicePlanTest">
    <failure type="java.lang.AssertionError" message="The following asserts failed:
	Not able to select serched service plan expected [true] but found [false],
	Not able to click on delete_yes on serched service plan expected [true] but found [false]">
      <![CDATA[java.lang.AssertionError: The following asserts failed:
Not able to select serched service plan expected [true] but found [false],
Not able to click on delete_yes on serched service plan expected [true] but found [false]
at com.unify.testPages.ServicePlanTest.veriyAddServicePlan(ServicePlanTest.java:118)
... Removed 26 stack frames]]>
    </failure>
  </testcase> <!-- veriyAddServicePlan -->
  <testcase name="VerifyNextraDomain" time="9.063" classname="com.unify.testPages.DomainManagerTest"/>
  <testcase name="VerifyParentDomainText" time="69.613" classname="com.unify.testPages.DomainManagerTest">
    <failure type="java.lang.AssertionError" message="The following asserts failed:
	Parent domain link is not working expected [true] but found [false],
	expected [admin] but found [],
	expected [SSG Admin] but found [],
	Add Row link is not clickable under Contact details expected [true] but found [false]">
      <![CDATA[java.lang.AssertionError: The following asserts failed:
Parent domain link is not working expected [true] but found [false],
expected [admin] but found [],
expected [SSG Admin] but found [],
Add Row link is not clickable under Contact details expected [true] but found [false]
at com.unify.testPages.DomainManagerTest.VerifyParentDomainText(DomainManagerTest.java:174)
... Removed 26 stack frames]]>
    </failure>
  </testcase> <!-- VerifyParentDomainText -->
  <testcase name="VerifyWelcomeLinks" time="4.552" classname="com.unify.testPages.DomainManagerTest"/>
  <testcase name="veriyDomainManager" time="10.602" classname="com.unify.testPages.DomainManagerTest"/>
  <testcase name="VerifyChartOfAccount" time="9.519" classname="com.unify.testPages.SettingsPageTest"/>
</testsuite> <!-- TestFirefox -->
