<?xml version="1.0" encoding="UTF-8"?>
<testng-results skipped="0" failed="1" ignored="0" total="1" passed="0">
  <reporter-output>
  </reporter-output>
  <suite name="UNIFY_Automation" duration-ms="47399" started-at="2020-01-28T06:03:11Z" finished-at="2020-01-28T06:03:58Z">
    <groups>
    </groups>
    <test name="Debugging_Purpose" duration-ms="47399" started-at="2020-01-28T06:03:11Z" finished-at="2020-01-28T06:03:58Z">
      <class name="com.unify.testPages.BillingPageTest">
        <test-method status="PASS" signature="setupBrowser(java.lang.String)[pri:0, instance:com.unify.testPages.BillingPageTest@754ba872]" name="setupBrowser" is-config="true" duration-ms="5868" started-at="2020-01-28T06:03:11Z" finished-at="2020-01-28T06:03:17Z">
          <params>
            <param index="0">
              <value>
                <![CDATA[chrome]]>
              </value>
            </param>
          </params>
          <reporter-output>
          </reporter-output>
        </test-method> <!-- setupBrowser -->
        <test-method status="PASS" signature="setup()[pri:0, instance:com.unify.testPages.BillingPageTest@754ba872]" name="setup" is-config="true" duration-ms="5236" started-at="2020-01-28T06:03:17Z" finished-at="2020-01-28T06:03:22Z">
          <reporter-output>
          </reporter-output>
        </test-method> <!-- setup -->
        <test-method status="FAIL" signature="VerifyRC_Charges()[pri:0, instance:com.unify.testPages.BillingPageTest@754ba872]" name="VerifyRC_Charges" duration-ms="36237" started-at="2020-01-28T06:03:22Z" finished-at="2020-01-28T06:03:58Z">
          <exception class="java.lang.AssertionError">
            <message>
              <![CDATA[The following asserts failed:
Not able to add RC  expected [true] but found [false]]]>
            </message>
            <full-stacktrace>
              <![CDATA[java.lang.AssertionError: The following asserts failed:
Not able to add RC  expected [true] but found [false]
at org.testng.asserts.SoftAssert.assertAll(SoftAssert.java:43)
at com.unify.testPages.BillingPageTest.VerifyRC_Charges(BillingPageTest.java:94)
at sun.reflect.NativeMethodAccessorImpl.invoke0(Native Method)
at sun.reflect.NativeMethodAccessorImpl.invoke(NativeMethodAccessorImpl.java:62)
at sun.reflect.DelegatingMethodAccessorImpl.invoke(DelegatingMethodAccessorImpl.java:43)
at java.lang.reflect.Method.invoke(Method.java:498)
at org.testng.internal.MethodInvocationHelper.invokeMethod(MethodInvocationHelper.java:124)
at org.testng.internal.Invoker.invokeMethod(Invoker.java:583)
at org.testng.internal.Invoker.invokeTestMethod(Invoker.java:719)
at org.testng.internal.Invoker.invokeTestMethods(Invoker.java:989)
at org.testng.internal.TestMethodWorker.invokeTestMethods(TestMethodWorker.java:125)
at org.testng.internal.TestMethodWorker.run(TestMethodWorker.java:109)
at org.testng.TestRunner.privateRun(TestRunner.java:648)
at org.testng.TestRunner.run(TestRunner.java:505)
at org.testng.SuiteRunner.runTest(SuiteRunner.java:455)
at org.testng.SuiteRunner.runSequentially(SuiteRunner.java:450)
at org.testng.SuiteRunner.privateRun(SuiteRunner.java:415)
at org.testng.SuiteRunner.run(SuiteRunner.java:364)
at org.testng.SuiteRunnerWorker.runSuite(SuiteRunnerWorker.java:52)
at org.testng.SuiteRunnerWorker.run(SuiteRunnerWorker.java:84)
at org.testng.TestNG.runSuitesSequentially(TestNG.java:1208)
at org.testng.TestNG.runSuitesLocally(TestNG.java:1137)
at org.testng.TestNG.runSuites(TestNG.java:1049)
at org.testng.TestNG.run(TestNG.java:1017)
at org.testng.remote.AbstractRemoteTestNG.run(AbstractRemoteTestNG.java:114)
at org.testng.remote.RemoteTestNG.initAndRun(RemoteTestNG.java:251)
at org.testng.remote.RemoteTestNG.main(RemoteTestNG.java:77)
]]>
            </full-stacktrace>
          </exception> <!-- java.lang.AssertionError -->
          <reporter-output>
          </reporter-output>
        </test-method> <!-- VerifyRC_Charges -->
      </class> <!-- com.unify.testPages.BillingPageTest -->
    </test> <!-- Debugging_Purpose -->
  </suite> <!-- UNIFY_Automation -->
</testng-results>
